{"/Users/nickluong/code/insta-cats-app/src/components/Modal.vue": {"path":"/Users/nickluong/code/insta-cats-app/src/components/Modal.vue","statementMap":{"0":{"start":{"line":6,"column":15},"end":{"line":109,"column":1}},"1":{"start":{"line":12,"column":4},"end":{"line":14,"column":null}},"2":{"start":{"line":13,"column":6},"end":{"line":13,"column":null}},"3":{"start":{"line":18,"column":6},"end":{"line":18,"column":null}},"4":{"start":{"line":19,"column":6},"end":{"line":19,"column":null}},"5":{"start":{"line":22,"column":6},"end":{"line":22,"column":null}},"6":{"start":{"line":25,"column":6},"end":{"line":30,"column":null}},"7":{"start":{"line":33,"column":6},"end":{"line":33,"column":null}},"8":{"start":{"line":37,"column":4},"end":{"line":48,"column":null}},"9":{"start":{"line":52,"column":19},"end":{"line":57,"column":7}},"10":{"start":{"line":58,"column":6},"end":{"line":61,"column":null}},"11":{"start":{"line":59,"column":8},"end":{"line":59,"column":null}},"12":{"start":{"line":60,"column":8},"end":{"line":60,"column":null}},"13":{"start":{"line":64,"column":17},"end":{"line":64,"column":31}},"14":{"start":{"line":65,"column":6},"end":{"line":65,"column":null}},"15":{"start":{"line":66,"column":6},"end":{"line":66,"column":null}},"16":{"start":{"line":67,"column":6},"end":{"line":67,"column":null}},"17":{"start":{"line":69,"column":6},"end":{"line":73,"column":null}},"18":{"start":{"line":70,"column":8},"end":{"line":70,"column":null}},"19":{"start":{"line":71,"column":8},"end":{"line":71,"column":null}},"20":{"start":{"line":72,"column":8},"end":{"line":72,"column":null}},"21":{"start":{"line":76,"column":6},"end":{"line":76,"column":null}},"22":{"start":{"line":79,"column":22},"end":{"line":82,"column":7}},"23":{"start":{"line":83,"column":6},"end":{"line":83,"column":null}},"24":{"start":{"line":84,"column":6},"end":{"line":89,"column":null}},"25":{"start":{"line":85,"column":8},"end":{"line":85,"column":null}},"26":{"start":{"line":86,"column":8},"end":{"line":86,"column":null}},"27":{"start":{"line":87,"column":8},"end":{"line":87,"column":null}},"28":{"start":{"line":88,"column":8},"end":{"line":88,"column":null}},"29":{"start":{"line":92,"column":6},"end":{"line":92,"column":null}},"30":{"start":{"line":93,"column":6},"end":{"line":93,"column":null}},"31":{"start":{"line":94,"column":6},"end":{"line":94,"column":null}},"32":{"start":{"line":95,"column":6},"end":{"line":95,"column":null}},"33":{"start":{"line":96,"column":6},"end":{"line":96,"column":null}},"34":{"start":{"line":97,"column":6},"end":{"line":97,"column":null}},"35":{"start":{"line":98,"column":6},"end":{"line":98,"column":null}},"36":{"start":{"line":99,"column":6},"end":{"line":99,"column":null}},"37":{"start":{"line":100,"column":6},"end":{"line":100,"column":null}},"38":{"start":{"line":101,"column":6},"end":{"line":101,"column":null}},"39":{"start":{"line":104,"column":19},"end":{"line":104,"column":36}},"40":{"start":{"line":105,"column":6},"end":{"line":105,"column":null}},"41":{"start":{"line":106,"column":6},"end":{"line":106,"column":null}},"42":{"start":{"line":114,"column":9},"end":{"line":114,"column":null}},"43":{"start":{"line":115,"column":11},"end":{"line":115,"column":null}},"44":{"start":{"line":120,"column":15},"end":{"line":120,"column":null}},"45":{"start":{"line":121,"column":12},"end":{"line":121,"column":81}},"46":{"start":{"line":139,"column":15},"end":{"line":139,"column":null}},"47":{"start":{"line":140,"column":17},"end":{"line":140,"column":72}},"48":{"start":{"line":148,"column":17},"end":{"line":148,"column":72}},"49":{"start":{"line":156,"column":18},"end":{"line":156,"column":73}},"50":{"start":{"line":164,"column":18},"end":{"line":164,"column":73}},"51":{"start":{"line":173,"column":15},"end":{"line":173,"column":null}},"52":{"start":{"line":197,"column":15},"end":{"line":197,"column":null}},"53":{"start":{"line":198,"column":12},"end":{"line":198,"column":78}},"54":{"start":{"line":233,"column":17},"end":{"line":233,"column":null}},"55":{"start":{"line":234,"column":20},"end":{"line":234,"column":80}},"56":{"start":{"line":244,"column":20},"end":{"line":244,"column":80}},"57":{"start":{"line":254,"column":15},"end":{"line":254,"column":null}},"58":{"start":{"line":278,"column":15},"end":{"line":278,"column":null}},"59":{"start":{"line":279,"column":16},"end":{"line":279,"column":null}},"60":{"start":{"line":305,"column":14},"end":{"line":305,"column":null}},"61":{"start":{"line":308,"column":16},"end":{"line":308,"column":null}},"62":{"start":{"line":335,"column":18},"end":{"line":335,"column":null}},"63":{"start":{"line":348,"column":24},"end":{"line":348,"column":62}},"64":{"start":{"line":353,"column":15},"end":{"line":353,"column":null}},"65":{"start":{"line":129,"column":22},"end":{"line":129,"column":33}},"66":{"start":{"line":145,"column":25},"end":{"line":145,"column":null}},"67":{"start":{"line":153,"column":25},"end":{"line":153,"column":null}},"68":{"start":{"line":161,"column":25},"end":{"line":161,"column":null}},"69":{"start":{"line":169,"column":25},"end":{"line":169,"column":null}},"70":{"start":{"line":178,"column":22},"end":{"line":178,"column":34}},"71":{"start":{"line":186,"column":22},"end":{"line":186,"column":33}},"72":{"start":{"line":206,"column":22},"end":{"line":206,"column":33}},"73":{"start":{"line":241,"column":27},"end":{"line":241,"column":35}},"74":{"start":{"line":249,"column":27},"end":{"line":249,"column":null}},"75":{"start":{"line":259,"column":22},"end":{"line":259,"column":32}},"76":{"start":{"line":267,"column":22},"end":{"line":267,"column":33}},"77":{"start":{"line":289,"column":22},"end":{"line":289,"column":33}},"78":{"start":{"line":314,"column":27},"end":{"line":314,"column":null}},"79":{"start":{"line":317,"column":26},"end":{"line":317,"column":37}},"80":{"start":{"line":355,"column":22},"end":{"line":355,"column":33}}},"fnMap":{"0":{"name":"(anonymous_0)","decl":{"start":{"line":11,"column":2},"end":{"line":11,"column":3}},"loc":{"start":{"line":11,"column":12},"end":{"line":15,"column":3}}},"1":{"name":"(anonymous_1)","decl":{"start":{"line":17,"column":4},"end":{"line":17,"column":5}},"loc":{"start":{"line":17,"column":22},"end":{"line":20,"column":5}}},"2":{"name":"(anonymous_2)","decl":{"start":{"line":21,"column":4},"end":{"line":21,"column":5}},"loc":{"start":{"line":21,"column":18},"end":{"line":23,"column":5}}},"3":{"name":"(anonymous_3)","decl":{"start":{"line":24,"column":4},"end":{"line":24,"column":5}},"loc":{"start":{"line":24,"column":18},"end":{"line":31,"column":5}}},"4":{"name":"(anonymous_4)","decl":{"start":{"line":32,"column":4},"end":{"line":32,"column":5}},"loc":{"start":{"line":32,"column":19},"end":{"line":34,"column":5}}},"5":{"name":"(anonymous_5)","decl":{"start":{"line":36,"column":2},"end":{"line":36,"column":3}},"loc":{"start":{"line":36,"column":9},"end":{"line":49,"column":3}}},"6":{"name":"(anonymous_6)","decl":{"start":{"line":51,"column":4},"end":{"line":51,"column":5}},"loc":{"start":{"line":51,"column":25},"end":{"line":62,"column":5}}},"7":{"name":"(anonymous_7)","decl":{"start":{"line":58,"column":80},"end":{"line":58,"column":81}},"loc":{"start":{"line":58,"column":89},"end":{"line":61,"column":7}}},"8":{"name":"(anonymous_8)","decl":{"start":{"line":63,"column":4},"end":{"line":63,"column":5}},"loc":{"start":{"line":63,"column":17},"end":{"line":74,"column":5}}},"9":{"name":"(anonymous_9)","decl":{"start":{"line":69,"column":28},"end":{"line":69,"column":29}},"loc":{"start":{"line":69,"column":37},"end":{"line":73,"column":7}}},"10":{"name":"(anonymous_10)","decl":{"start":{"line":75,"column":4},"end":{"line":75,"column":5}},"loc":{"start":{"line":75,"column":18},"end":{"line":77,"column":5}}},"11":{"name":"(anonymous_11)","decl":{"start":{"line":78,"column":4},"end":{"line":78,"column":5}},"loc":{"start":{"line":78,"column":18},"end":{"line":90,"column":5}}},"12":{"name":"(anonymous_12)","decl":{"start":{"line":84,"column":58},"end":{"line":84,"column":59}},"loc":{"start":{"line":84,"column":67},"end":{"line":89,"column":7}}},"13":{"name":"(anonymous_13)","decl":{"start":{"line":91,"column":4},"end":{"line":91,"column":5}},"loc":{"start":{"line":91,"column":18},"end":{"line":102,"column":5}}},"14":{"name":"(anonymous_14)","decl":{"start":{"line":103,"column":4},"end":{"line":103,"column":5}},"loc":{"start":{"line":103,"column":16},"end":{"line":107,"column":5}}},"15":{"name":"(anonymous_17)","decl":{"start":{"line":129,"column":20},"end":{"line":129,"column":22}},"loc":{"start":{"line":129,"column":22},"end":{"line":129,"column":33}}},"16":{"name":"(anonymous_18)","decl":{"start":{"line":145,"column":25},"end":{"line":145,"column":35}},"loc":{"start":{"line":145,"column":25},"end":{"line":145,"column":null}}},"17":{"name":"(anonymous_19)","decl":{"start":{"line":153,"column":25},"end":{"line":153,"column":38}},"loc":{"start":{"line":153,"column":25},"end":{"line":153,"column":null}}},"18":{"name":"(anonymous_20)","decl":{"start":{"line":161,"column":25},"end":{"line":161,"column":39}},"loc":{"start":{"line":161,"column":25},"end":{"line":161,"column":null}}},"19":{"name":"(anonymous_21)","decl":{"start":{"line":169,"column":25},"end":{"line":169,"column":38}},"loc":{"start":{"line":169,"column":25},"end":{"line":169,"column":null}}},"20":{"name":"(anonymous_22)","decl":{"start":{"line":178,"column":20},"end":{"line":178,"column":22}},"loc":{"start":{"line":178,"column":22},"end":{"line":178,"column":34}}},"21":{"name":"(anonymous_23)","decl":{"start":{"line":186,"column":20},"end":{"line":186,"column":22}},"loc":{"start":{"line":186,"column":22},"end":{"line":186,"column":33}}},"22":{"name":"(anonymous_24)","decl":{"start":{"line":206,"column":20},"end":{"line":206,"column":22}},"loc":{"start":{"line":206,"column":22},"end":{"line":206,"column":33}}},"23":{"name":"(anonymous_25)","decl":{"start":{"line":241,"column":25},"end":{"line":241,"column":27}},"loc":{"start":{"line":241,"column":27},"end":{"line":241,"column":35}}},"24":{"name":"(anonymous_26)","decl":{"start":{"line":249,"column":27},"end":{"line":249,"column":37}},"loc":{"start":{"line":249,"column":27},"end":{"line":249,"column":null}}},"25":{"name":"(anonymous_27)","decl":{"start":{"line":259,"column":20},"end":{"line":259,"column":22}},"loc":{"start":{"line":259,"column":22},"end":{"line":259,"column":32}}},"26":{"name":"(anonymous_28)","decl":{"start":{"line":267,"column":20},"end":{"line":267,"column":22}},"loc":{"start":{"line":267,"column":22},"end":{"line":267,"column":33}}},"27":{"name":"(anonymous_29)","decl":{"start":{"line":289,"column":20},"end":{"line":289,"column":22}},"loc":{"start":{"line":289,"column":22},"end":{"line":289,"column":33}}},"28":{"name":"(anonymous_30)","decl":{"start":{"line":314,"column":27},"end":{"line":314,"column":39}},"loc":{"start":{"line":314,"column":27},"end":{"line":314,"column":null}}},"29":{"name":"(anonymous_31)","decl":{"start":{"line":317,"column":24},"end":{"line":317,"column":26}},"loc":{"start":{"line":317,"column":26},"end":{"line":317,"column":37}}},"30":{"name":"(anonymous_33)","decl":{"start":{"line":355,"column":20},"end":{"line":355,"column":22}},"loc":{"start":{"line":355,"column":22},"end":{"line":355,"column":33}}}},"branchMap":{"0":{"loc":{"start":{"line":12,"column":4},"end":{"line":14,"column":null}},"type":"if","locations":[{"start":{"line":12,"column":4},"end":{"line":14,"column":null}},{"start":{"line":12,"column":4},"end":{"line":14,"column":null}}]},"1":{"loc":{"start":{"line":12,"column":8},"end":{"line":12,"column":40}},"type":"binary-expr","locations":[{"start":{"line":12,"column":8},"end":{"line":12,"column":28}},{"start":{"line":12,"column":31},"end":{"line":12,"column":40}}]},"2":{"loc":{"start":{"line":22,"column":13},"end":{"line":22,"column":57}},"type":"binary-expr","locations":[{"start":{"line":22,"column":13},"end":{"line":22,"column":32}},{"start":{"line":22,"column":35},"end":{"line":22,"column":57}}]},"3":{"loc":{"start":{"line":26,"column":9},"end":{"line":29,"column":28}},"type":"binary-expr","locations":[{"start":{"line":26,"column":9},"end":{"line":26,"column":25}},{"start":{"line":27,"column":10},"end":{"line":27,"column":29}},{"start":{"line":28,"column":10},"end":{"line":28,"column":30}},{"start":{"line":29,"column":10},"end":{"line":29,"column":28}}]},"4":{"loc":{"start":{"line":129,"column":20},"end":{"line":129,"column":null}},"type":"binary-expr","locations":[{"start":{"line":129,"column":20},"end":{"line":129,"column":22}},{"start":{"line":129,"column":20},"end":{"line":129,"column":null}}]},"5":{"loc":{"start":{"line":129,"column":22},"end":{"line":129,"column":33}},"type":"binary-expr","locations":[{"start":{"line":129,"column":22},"end":{"line":129,"column":33}},{"start":{"line":129,"column":22},"end":{"line":129,"column":33}}]},"6":{"loc":{"start":{"line":145,"column":25},"end":{"line":145,"column":null}},"type":"binary-expr","locations":[{"start":{"line":145,"column":25},"end":{"line":145,"column":35}},{"start":{"line":145,"column":25},"end":{"line":145,"column":null}}]},"7":{"loc":{"start":{"line":153,"column":25},"end":{"line":153,"column":null}},"type":"binary-expr","locations":[{"start":{"line":153,"column":25},"end":{"line":153,"column":38}},{"start":{"line":153,"column":25},"end":{"line":153,"column":null}}]},"8":{"loc":{"start":{"line":161,"column":25},"end":{"line":161,"column":null}},"type":"binary-expr","locations":[{"start":{"line":161,"column":25},"end":{"line":161,"column":39}},{"start":{"line":161,"column":25},"end":{"line":161,"column":null}}]},"9":{"loc":{"start":{"line":169,"column":25},"end":{"line":169,"column":null}},"type":"binary-expr","locations":[{"start":{"line":169,"column":25},"end":{"line":169,"column":38}},{"start":{"line":169,"column":25},"end":{"line":169,"column":null}}]},"10":{"loc":{"start":{"line":174,"column":12},"end":{"line":175,"column":null}},"type":"cond-expr","locations":[{"start":{"line":174,"column":12},"end":{"line":175,"column":null}}]},"11":{"loc":{"start":{"line":177,"column":12},"end":{"line":184,"column":21}},"type":"cond-expr","locations":[{"start":{"line":177,"column":12},"end":{"line":184,"column":21}}]},"12":{"loc":{"start":{"line":178,"column":20},"end":{"line":178,"column":null}},"type":"binary-expr","locations":[{"start":{"line":178,"column":20},"end":{"line":178,"column":22}},{"start":{"line":178,"column":20},"end":{"line":178,"column":null}}]},"13":{"loc":{"start":{"line":178,"column":22},"end":{"line":178,"column":34}},"type":"binary-expr","locations":[{"start":{"line":178,"column":22},"end":{"line":178,"column":34}},{"start":{"line":178,"column":22},"end":{"line":178,"column":34}}]},"14":{"loc":{"start":{"line":180,"column":23},"end":{"line":180,"column":52}},"type":"binary-expr","locations":[{"start":{"line":180,"column":23},"end":{"line":180,"column":37}},{"start":{"line":180,"column":41},"end":{"line":180,"column":52}}]},"15":{"loc":{"start":{"line":186,"column":20},"end":{"line":186,"column":null}},"type":"binary-expr","locations":[{"start":{"line":186,"column":20},"end":{"line":186,"column":22}},{"start":{"line":186,"column":20},"end":{"line":186,"column":null}}]},"16":{"loc":{"start":{"line":186,"column":22},"end":{"line":186,"column":33}},"type":"binary-expr","locations":[{"start":{"line":186,"column":22},"end":{"line":186,"column":33}},{"start":{"line":186,"column":22},"end":{"line":186,"column":33}}]},"17":{"loc":{"start":{"line":206,"column":20},"end":{"line":206,"column":null}},"type":"binary-expr","locations":[{"start":{"line":206,"column":20},"end":{"line":206,"column":22}},{"start":{"line":206,"column":20},"end":{"line":206,"column":null}}]},"18":{"loc":{"start":{"line":206,"column":22},"end":{"line":206,"column":33}},"type":"binary-expr","locations":[{"start":{"line":206,"column":22},"end":{"line":206,"column":33}},{"start":{"line":206,"column":22},"end":{"line":206,"column":33}}]},"19":{"loc":{"start":{"line":217,"column":20},"end":{"line":232,"column":null}},"type":"cond-expr","locations":[{"start":{"line":221,"column":12},"end":{"line":232,"column":null}}]},"20":{"loc":{"start":{"line":241,"column":25},"end":{"line":241,"column":null}},"type":"binary-expr","locations":[{"start":{"line":241,"column":25},"end":{"line":241,"column":27}},{"start":{"line":241,"column":25},"end":{"line":241,"column":null}}]},"21":{"loc":{"start":{"line":241,"column":27},"end":{"line":241,"column":35}},"type":"binary-expr","locations":[{"start":{"line":241,"column":27},"end":{"line":241,"column":35}},{"start":{"line":241,"column":27},"end":{"line":241,"column":35}}]},"22":{"loc":{"start":{"line":249,"column":27},"end":{"line":249,"column":null}},"type":"binary-expr","locations":[{"start":{"line":249,"column":27},"end":{"line":249,"column":37}},{"start":{"line":249,"column":27},"end":{"line":249,"column":null}}]},"23":{"loc":{"start":{"line":255,"column":12},"end":{"line":256,"column":null}},"type":"cond-expr","locations":[{"start":{"line":255,"column":12},"end":{"line":256,"column":null}}]},"24":{"loc":{"start":{"line":258,"column":12},"end":{"line":265,"column":21}},"type":"cond-expr","locations":[{"start":{"line":258,"column":12},"end":{"line":265,"column":21}}]},"25":{"loc":{"start":{"line":259,"column":20},"end":{"line":259,"column":null}},"type":"binary-expr","locations":[{"start":{"line":259,"column":20},"end":{"line":259,"column":22}},{"start":{"line":259,"column":20},"end":{"line":259,"column":null}}]},"26":{"loc":{"start":{"line":259,"column":22},"end":{"line":259,"column":32}},"type":"binary-expr","locations":[{"start":{"line":259,"column":22},"end":{"line":259,"column":32}},{"start":{"line":259,"column":22},"end":{"line":259,"column":32}}]},"27":{"loc":{"start":{"line":261,"column":23},"end":{"line":261,"column":52}},"type":"binary-expr","locations":[{"start":{"line":261,"column":23},"end":{"line":261,"column":37}},{"start":{"line":261,"column":41},"end":{"line":261,"column":52}}]},"28":{"loc":{"start":{"line":267,"column":20},"end":{"line":267,"column":null}},"type":"binary-expr","locations":[{"start":{"line":267,"column":20},"end":{"line":267,"column":22}},{"start":{"line":267,"column":20},"end":{"line":267,"column":null}}]},"29":{"loc":{"start":{"line":267,"column":22},"end":{"line":267,"column":33}},"type":"binary-expr","locations":[{"start":{"line":267,"column":22},"end":{"line":267,"column":33}},{"start":{"line":267,"column":22},"end":{"line":267,"column":33}}]},"30":{"loc":{"start":{"line":275,"column":21},"end":{"line":275,"column":null}},"type":"binary-expr","locations":[{"start":{"line":275,"column":21},"end":{"line":275,"column":40}},{"start":{"line":275,"column":40},"end":{"line":275,"column":null}}]},"31":{"loc":{"start":{"line":289,"column":20},"end":{"line":289,"column":null}},"type":"binary-expr","locations":[{"start":{"line":289,"column":20},"end":{"line":289,"column":22}},{"start":{"line":289,"column":20},"end":{"line":289,"column":null}}]},"32":{"loc":{"start":{"line":289,"column":22},"end":{"line":289,"column":33}},"type":"binary-expr","locations":[{"start":{"line":289,"column":22},"end":{"line":289,"column":33}},{"start":{"line":289,"column":22},"end":{"line":289,"column":33}}]},"33":{"loc":{"start":{"line":314,"column":27},"end":{"line":314,"column":null}},"type":"binary-expr","locations":[{"start":{"line":314,"column":27},"end":{"line":314,"column":39}},{"start":{"line":314,"column":27},"end":{"line":314,"column":null}}]},"34":{"loc":{"start":{"line":317,"column":24},"end":{"line":317,"column":null}},"type":"binary-expr","locations":[{"start":{"line":317,"column":24},"end":{"line":317,"column":26}},{"start":{"line":317,"column":24},"end":{"line":317,"column":null}}]},"35":{"loc":{"start":{"line":317,"column":26},"end":{"line":317,"column":37}},"type":"binary-expr","locations":[{"start":{"line":317,"column":26},"end":{"line":317,"column":37}},{"start":{"line":317,"column":26},"end":{"line":317,"column":37}}]},"36":{"loc":{"start":{"line":318,"column":27},"end":{"line":318,"column":57}},"type":"binary-expr","locations":[{"start":{"line":318,"column":27},"end":{"line":318,"column":42}},{"start":{"line":318,"column":46},"end":{"line":318,"column":57}}]},"37":{"loc":{"start":{"line":355,"column":20},"end":{"line":355,"column":null}},"type":"binary-expr","locations":[{"start":{"line":355,"column":20},"end":{"line":355,"column":22}},{"start":{"line":355,"column":20},"end":{"line":355,"column":null}}]},"38":{"loc":{"start":{"line":355,"column":22},"end":{"line":355,"column":33}},"type":"binary-expr","locations":[{"start":{"line":355,"column":22},"end":{"line":355,"column":33}},{"start":{"line":355,"column":22},"end":{"line":355,"column":33}}]}},"s":{"0":1,"1":2,"2":0,"3":0,"4":0,"5":1,"6":1,"7":0,"8":2,"9":0,"10":0,"11":0,"12":0,"13":0,"14":0,"15":0,"16":0,"17":0,"18":0,"19":0,"20":0,"21":0,"22":0,"23":0,"24":0,"25":0,"26":0,"27":0,"28":0,"29":0,"30":0,"31":0,"32":0,"33":0,"34":0,"35":0,"36":0,"37":0,"38":0,"39":0,"40":0,"41":0,"42":1,"43":1,"44":1,"45":1,"46":1,"47":1,"48":1,"49":1,"50":1,"51":1,"52":1,"53":1,"54":1,"55":1,"56":1,"57":1,"58":1,"59":1,"60":1,"61":1,"62":1,"63":1,"64":1,"65":0,"66":0,"67":0,"68":0,"69":0,"70":0,"71":0,"72":0,"73":0,"74":0,"75":0,"76":0,"77":0,"78":0,"79":0,"80":0},"f":{"0":2,"1":0,"2":1,"3":1,"4":0,"5":2,"6":0,"7":0,"8":0,"9":0,"10":0,"11":0,"12":0,"13":0,"14":0,"15":0,"16":0,"17":0,"18":0,"19":0,"20":0,"21":0,"22":0,"23":0,"24":0,"25":0,"26":0,"27":0,"28":0,"29":0,"30":0},"b":{"0":[0,2],"1":[2,0],"2":[1,0],"3":[1,0,0,0],"4":[1,1],"5":[0,0],"6":[1,1],"7":[1,1],"8":[1,1],"9":[1,1],"10":[1],"11":[0],"12":[0,0],"13":[0,0],"14":[0,0],"15":[1,1],"16":[0,0],"17":[1,1],"18":[0,0],"19":[1],"20":[1,1],"21":[0,0],"22":[1,1],"23":[1],"24":[0],"25":[0,0],"26":[0,0],"27":[0,0],"28":[1,1],"29":[0,0],"30":[0,0],"31":[0,0],"32":[0,0],"33":[0,0],"34":[0,0],"35":[0,0],"36":[0,0],"37":[0,0],"38":[0,0]}}
,"/Users/nickluong/code/insta-cats-app/src/services/CommentService.js": {"path":"/Users/nickluong/code/insta-cats-app/src/services/CommentService.js","statementMap":{"0":{"start":{"line":1,"column":12},"end":{"line":1,"column":43}},"1":{"start":{"line":5,"column":21},"end":{"line":5,"column":55}},"2":{"start":{"line":6,"column":4},"end":{"line":6,"column":33}},"3":{"start":{"line":10,"column":21},"end":{"line":14,"column":6}},"4":{"start":{"line":15,"column":4},"end":{"line":15,"column":33}}},"fnMap":{"0":{"name":"getAllComments","decl":{"start":{"line":3,"column":22},"end":{"line":3,"column":36}},"loc":{"start":{"line":3,"column":39},"end":{"line":7,"column":1}}},"1":{"name":"createComment","decl":{"start":{"line":9,"column":22},"end":{"line":9,"column":35}},"loc":{"start":{"line":9,"column":49},"end":{"line":16,"column":3}}}},"branchMap":{},"s":{"0":1,"1":0,"2":0,"3":0,"4":0},"f":{"0":0,"1":0},"b":{}}
,"/Users/nickluong/code/insta-cats-app/src/services/PostService.js": {"path":"/Users/nickluong/code/insta-cats-app/src/services/PostService.js","statementMap":{"0":{"start":{"line":1,"column":12},"end":{"line":1,"column":43}},"1":{"start":{"line":4,"column":19},"end":{"line":4,"column":51}},"2":{"start":{"line":5,"column":2},"end":{"line":5,"column":31}},"3":{"start":{"line":9,"column":19},"end":{"line":12,"column":4}},"4":{"start":{"line":13,"column":2},"end":{"line":13,"column":31}}},"fnMap":{"0":{"name":"getAllPosts","decl":{"start":{"line":3,"column":22},"end":{"line":3,"column":33}},"loc":{"start":{"line":3,"column":36},"end":{"line":6,"column":1}}},"1":{"name":"createPost","decl":{"start":{"line":8,"column":22},"end":{"line":8,"column":32}},"loc":{"start":{"line":8,"column":39},"end":{"line":14,"column":1}}}},"branchMap":{},"s":{"0":1,"1":0,"2":0,"3":0,"4":0},"f":{"0":0,"1":0},"b":{}}
,"/Users/nickluong/code/insta-cats-app/src/services/UserService.js": {"path":"/Users/nickluong/code/insta-cats-app/src/services/UserService.js","statementMap":{"0":{"start":{"line":1,"column":12},"end":{"line":1,"column":43}},"1":{"start":{"line":5,"column":21},"end":{"line":5,"column":52}},"2":{"start":{"line":6,"column":4},"end":{"line":6,"column":33}},"3":{"start":{"line":10,"column":21},"end":{"line":14,"column":8}},"4":{"start":{"line":15,"column":4},"end":{"line":15,"column":33}}},"fnMap":{"0":{"name":"getAllUsers","decl":{"start":{"line":3,"column":22},"end":{"line":3,"column":33}},"loc":{"start":{"line":3,"column":36},"end":{"line":7,"column":1}}},"1":{"name":"createUser","decl":{"start":{"line":9,"column":22},"end":{"line":9,"column":32}},"loc":{"start":{"line":9,"column":73},"end":{"line":16,"column":1}}}},"branchMap":{},"s":{"0":1,"1":0,"2":0,"3":0,"4":0},"f":{"0":0,"1":0},"b":{}}
}
